<?xml version="1.0" encoding="UTF-8"?>
<!-- Generated by org.testng.reporters.JUnitReportReporter -->
<testsuite hostname="A-SQUARE" failures="0" tests="1" name="newConcepts.LoggerExample" time="0.073" errors="0" timestamp="2024-03-30T14:47:19 IST" skipped="0">
  <testcase classname="newConcepts.LoggerExample" name="sampleMethod" time="0.073"/>
  <system-out/>
</testsuite> <!-- newConcepts.LoggerExample -->
